2021-09-20 12:19:35,141 INFO o.a.j.u.JMeterUtils: Setting Locale to en_EN
2021-09-20 12:19:35,167 INFO o.a.j.JMeter: Loading user properties from: user.properties
2021-09-20 12:19:35,167 INFO o.a.j.JMeter: Loading system properties from: system.properties
2021-09-20 12:19:35,174 INFO o.a.j.JMeter: Copyright (c) 1998-2021 The Apache Software Foundation
2021-09-20 12:19:35,174 INFO o.a.j.JMeter: Version 5.5-SNAPSHOT 093df18
2021-09-20 12:19:35,174 INFO o.a.j.JMeter: java.version=11
2021-09-20 12:19:35,174 INFO o.a.j.JMeter: java.vm.name=OpenJDK 64-Bit Server VM
2021-09-20 12:19:35,174 INFO o.a.j.JMeter: os.name=Windows Server 2012 R2
2021-09-20 12:19:35,175 INFO o.a.j.JMeter: os.arch=amd64
2021-09-20 12:19:35,175 INFO o.a.j.JMeter: os.version=6.3
2021-09-20 12:19:35,175 INFO o.a.j.JMeter: file.encoding=Cp1252
2021-09-20 12:19:35,175 INFO o.a.j.JMeter: java.awt.headless=null
2021-09-20 12:19:35,176 INFO o.a.j.JMeter: Max memory     =1073741824
2021-09-20 12:19:35,176 INFO o.a.j.JMeter: Available Processors =4
2021-09-20 12:19:35,186 INFO o.a.j.JMeter: Default Locale=English (EN)
2021-09-20 12:19:35,187 INFO o.a.j.JMeter: JMeter  Locale=English (EN)
2021-09-20 12:19:35,187 INFO o.a.j.JMeter: JMeterHome=E:\Test5\apache-jmeter-5.5-SNAPSHOT
2021-09-20 12:19:35,187 INFO o.a.j.JMeter: user.dir  =E:\Test5\apache-jmeter-5.5-SNAPSHOT\bin
2021-09-20 12:19:35,187 INFO o.a.j.JMeter: PWD       =E:\Test5\apache-jmeter-5.5-SNAPSHOT\bin
2021-09-20 12:19:35,189 INFO o.a.j.JMeter: IP: 192.168.236.88 Name: SA-RSDC04 FullName: SA-RSDC04.zssd.local
2021-09-20 12:19:35,366 INFO o.a.j.JMeter: Setting LAF to: laf:javax.swing.plaf.metal.MetalLookAndFeel
2021-09-20 12:19:35,490 INFO o.a.j.JMeter: Loaded icon properties from org/apache/jmeter/images/icon.properties
2021-09-20 12:19:36,913 INFO o.j.r.JARSourceHTTP: Found cached repo
2021-09-20 12:19:37,128 INFO o.j.r.PluginManager: Plugins Status: [jpgc-cmd=2.2, jpgc-filterresults=2.2, jpgc-plugins-manager=1.6, jpgc-synthesis=2.2, jmeter-core=5.5-SNAPSHOT, jmeter-ftp=5.5-SNAPSHOT, jmeter-http=5.5-SNAPSHOT, jmeter-jdbc=5.5-SNAPSHOT, jmeter-jms=5.5-SNAPSHOT, jmeter-junit=5.5-SNAPSHOT, jmeter-java=5.5-SNAPSHOT, jmeter-ldap=5.5-SNAPSHOT, jmeter-mail=5.5-SNAPSHOT, jmeter-mongodb=5.5-SNAPSHOT, jmeter-native=5.5-SNAPSHOT, jmeter-tcp=5.5-SNAPSHOT, jmeter-components=5.5-SNAPSHOT]
2021-09-20 12:19:38,160 WARN o.a.j.g.ObjectTableModel: Header count=13 but classes count=11
2021-09-20 12:19:38,161 WARN o.a.j.g.ObjectTableModel: Header count=13 but writeFunctor count=11
2021-09-20 12:20:50,795 INFO o.a.j.s.FileServer: Default base='E:\Test5\apache-jmeter-5.5-SNAPSHOT\bin'
2021-09-20 12:20:50,798 INFO o.a.j.g.a.Load: Loading file: E:\Test5\Test.jmx
2021-09-20 12:20:50,798 INFO o.a.j.s.FileServer: Set new base='E:\Test5'
2021-09-20 12:20:50,939 INFO o.a.j.s.SaveService: Testplan (JMX) version: 2.2. Testlog (JTL) version: 2.2
2021-09-20 12:20:50,948 INFO o.a.j.s.SaveService: Using SaveService properties version 5.0
2021-09-20 12:20:50,949 INFO o.a.j.s.SaveService: Using SaveService properties file encoding UTF-8
2021-09-20 12:20:50,951 INFO o.a.j.s.SaveService: Loading file: E:\Test5\Test.jmx
2021-09-20 12:20:51,158 INFO o.a.j.p.h.c.CookieManager: Settings: Delete null: true Check: true Allow variable: true Save: false Prefix: COOKIE_
2021-09-20 12:20:51,165 INFO o.a.j.p.h.s.HTTPSamplerBase: Parser for text/html is org.apache.jmeter.protocol.http.parser.LagartoBasedHtmlParser
2021-09-20 12:20:51,165 INFO o.a.j.p.h.s.HTTPSamplerBase: Parser for application/xhtml+xml is org.apache.jmeter.protocol.http.parser.LagartoBasedHtmlParser
2021-09-20 12:20:51,165 INFO o.a.j.p.h.s.HTTPSamplerBase: Parser for application/xml is org.apache.jmeter.protocol.http.parser.LagartoBasedHtmlParser
2021-09-20 12:20:51,165 INFO o.a.j.p.h.s.HTTPSamplerBase: Parser for text/xml is org.apache.jmeter.protocol.http.parser.LagartoBasedHtmlParser
2021-09-20 12:20:51,166 INFO o.a.j.p.h.s.HTTPSamplerBase: Parser for text/vnd.wap.wml is org.apache.jmeter.protocol.http.parser.RegexpHTMLParser
2021-09-20 12:20:51,166 INFO o.a.j.p.h.s.HTTPSamplerBase: Parser for text/css is org.apache.jmeter.protocol.http.parser.CssParser
2021-09-20 12:20:51,170 INFO o.a.j.s.SampleResult: Note: Sample TimeStamps are START times
2021-09-20 12:20:51,170 INFO o.a.j.s.SampleResult: sampleresult.default.encoding is set to ISO-8859-1
2021-09-20 12:20:51,170 INFO o.a.j.s.SampleResult: sampleresult.useNanoTime=true
2021-09-20 12:20:51,170 INFO o.a.j.s.SampleResult: sampleresult.nanoThreadSleep=5000
2021-09-20 12:20:51,636 INFO o.a.j.v.ViewResultsFullVisualizer: Add JavaFX to your Java installation if you want to use renderer: org.apache.jmeter.visualizers.RenderInBrowser
2021-09-20 12:20:51,686 INFO o.a.j.s.FileServer: Set new base='E:\Test5'
2021-09-20 12:24:51,310 INFO o.a.j.e.u.CompoundVariable: Note: Function class names must contain the string: '.functions.'
2021-09-20 12:24:51,310 INFO o.a.j.e.u.CompoundVariable: Note: Function class names must not contain the string: '.gui.'
2021-09-20 12:31:38,554 INFO o.a.j.e.StandardJMeterEngine: Running the test!
2021-09-20 12:31:38,555 INFO o.a.j.s.SampleEvent: List of sample_variables: []
2021-09-20 12:31:38,555 INFO o.a.j.s.SampleEvent: List of sample_variables: []
2021-09-20 12:31:38,564 INFO c.t.j.e.c.PropertyReader: Property file reader - loading the properties from E:\Test5\./Test.properties
2021-09-20 12:31:38,565 INFO o.a.j.v.b.BackendListener: Backend Listener: Starting worker with class: class org.apache.jmeter.visualizers.backend.influxdb.InfluxdbBackendListenerClient and queue capacity: 5000
2021-09-20 12:31:38,566 INFO o.a.j.v.b.BackendListener: Backend Listener: Started  worker with class: class org.apache.jmeter.visualizers.backend.influxdb.InfluxdbBackendListenerClient
2021-09-20 12:31:38,631 INFO o.a.j.g.u.JMeterMenuBar: setRunning(true, *local*)
2021-09-20 12:31:38,689 INFO o.a.j.e.StandardJMeterEngine: Starting ThreadGroup: 1 : Thread Group
2021-09-20 12:31:38,689 INFO o.a.j.e.StandardJMeterEngine: Starting 1 threads for group Thread Group.
2021-09-20 12:31:38,689 INFO o.a.j.e.StandardJMeterEngine: Thread will continue on error
2021-09-20 12:31:38,689 INFO o.a.j.t.ThreadGroup: Starting thread group... number=1 threads=1 ramp-up=1 delayedStart=false
2021-09-20 12:31:38,696 INFO o.a.j.t.ThreadGroup: Started thread group number 1
2021-09-20 12:31:38,696 INFO o.a.j.e.StandardJMeterEngine: All thread groups have been started
2021-09-20 12:31:38,702 INFO o.a.j.t.JMeterThread: Thread started: Thread Group 1-1
2021-09-20 12:31:38,715 INFO o.a.j.p.h.s.HTTPHCAbstractImpl: Local host = SA-RSDC04
2021-09-20 12:31:38,721 INFO o.a.j.p.h.s.HTTPHC4Impl: HTTP request retry count = 0
2021-09-20 12:32:49,883 INFO o.a.j.t.JMeterThread: Thread is done: Thread Group 1-1
2021-09-20 12:32:49,883 INFO o.a.j.t.JMeterThread: Thread finished: Thread Group 1-1
2021-09-20 12:32:49,884 INFO o.a.j.e.StandardJMeterEngine: Notifying test listeners of end of test
2021-09-20 12:32:49,884 INFO o.a.j.v.b.BackendListener: Worker ended
2021-09-20 12:32:49,885 INFO o.a.j.v.b.i.InfluxdbBackendListenerClient: Sending last metrics to InfluxDB
2021-09-20 12:32:49,886 INFO o.a.j.v.b.i.HttpMetricsSender: Destroying 
2021-09-20 12:32:49,889 INFO o.a.j.g.u.JMeterMenuBar: setRunning(false, *local*)
